0 info it worked if it ends with ok
1 verbose cli [ 'node', '/usr/local/bin/npm', 'publish' ]
2 info using npm@1.2.15
3 info using node@v0.8.19
4 verbose publish [ '.' ]
5 verbose read json /Users/williamhockey/Development/Plaid/plaid-node/package.json
6 verbose cache add [ '.', null ]
7 verbose cache add name=undefined spec="." args=[".",null]
8 verbose parsed url { pathname: '.', path: '.', href: '.' }
9 silly lockFile 3a52ce78- .
10 verbose lock . /Users/williamhockey/.npm/3a52ce78-.lock
11 verbose read json package.json
12 verbose tar pack [ '/Users/williamhockey/tmp/npm-65405/1364450995107-0.9801513492129743/tmp.tgz',
12 verbose tar pack   '.' ]
13 verbose tarball /Users/williamhockey/tmp/npm-65405/1364450995107-0.9801513492129743/tmp.tgz
14 verbose folder .
15 info prepublish plaid@0.0.1
16 silly lockFile 3a52ce78- .
17 verbose lock . /Users/williamhockey/.npm/3a52ce78-.lock
18 silly lockFile c3a5d702-95107-0-9801513492129743-tmp-tgz /Users/williamhockey/tmp/npm-65405/1364450995107-0.9801513492129743/tmp.tgz
19 verbose lock /Users/williamhockey/tmp/npm-65405/1364450995107-0.9801513492129743/tmp.tgz /Users/williamhockey/.npm/c3a5d702-95107-0-9801513492129743-tmp-tgz.lock
20 silly lockFile 3a52ce78- .
21 silly lockFile 3a52ce78- .
22 silly lockFile c3a5d702-95107-0-9801513492129743-tmp-tgz /Users/williamhockey/tmp/npm-65405/1364450995107-0.9801513492129743/tmp.tgz
23 silly lockFile c3a5d702-95107-0-9801513492129743-tmp-tgz /Users/williamhockey/tmp/npm-65405/1364450995107-0.9801513492129743/tmp.tgz
24 verbose tar unpack /Users/williamhockey/tmp/npm-65405/1364450995107-0.9801513492129743/tmp.tgz
25 silly lockFile 20268f89-95107-0-9801513492129743-package /Users/williamhockey/tmp/npm-65405/1364450995107-0.9801513492129743/package
26 verbose lock /Users/williamhockey/tmp/npm-65405/1364450995107-0.9801513492129743/package /Users/williamhockey/.npm/20268f89-95107-0-9801513492129743-package.lock
27 silly lockFile c3a5d702-95107-0-9801513492129743-tmp-tgz /Users/williamhockey/tmp/npm-65405/1364450995107-0.9801513492129743/tmp.tgz
28 verbose lock /Users/williamhockey/tmp/npm-65405/1364450995107-0.9801513492129743/tmp.tgz /Users/williamhockey/.npm/c3a5d702-95107-0-9801513492129743-tmp-tgz.lock
29 silly gunzTarPerm modes [ '755', '644' ]
30 silly gunzTarPerm extractEntry package.json
31 silly gunzTarPerm extractEntry .npmignore
32 silly gunzTarPerm extractEntry README.md
33 silly gunzTarPerm extractEntry LICENSE
34 silly gunzTarPerm extractEntry index.js
35 silly gunzTarPerm extractEntry .travis.yml
36 silly gunzTarPerm extractEntry lib/client.js
37 silly gunzTarPerm extractEntry lib/defaults.js
38 silly gunzTarPerm extractEntry lib/index.js
39 verbose read json /Users/williamhockey/tmp/npm-65405/1364450995107-0.9801513492129743/package/package.json
40 silly lockFile 20268f89-95107-0-9801513492129743-package /Users/williamhockey/tmp/npm-65405/1364450995107-0.9801513492129743/package
41 silly lockFile 20268f89-95107-0-9801513492129743-package /Users/williamhockey/tmp/npm-65405/1364450995107-0.9801513492129743/package
42 silly lockFile c3a5d702-95107-0-9801513492129743-tmp-tgz /Users/williamhockey/tmp/npm-65405/1364450995107-0.9801513492129743/tmp.tgz
43 silly lockFile c3a5d702-95107-0-9801513492129743-tmp-tgz /Users/williamhockey/tmp/npm-65405/1364450995107-0.9801513492129743/tmp.tgz
44 verbose from cache /Users/williamhockey/tmp/npm-65405/1364450995107-0.9801513492129743/package/package.json
45 verbose tar pack [ '/Users/williamhockey/.npm/plaid/0.0.1/package.tgz',
45 verbose tar pack   '/Users/williamhockey/tmp/npm-65405/1364450995107-0.9801513492129743/package' ]
46 verbose tarball /Users/williamhockey/.npm/plaid/0.0.1/package.tgz
47 verbose folder /Users/williamhockey/tmp/npm-65405/1364450995107-0.9801513492129743/package
48 silly lockFile 20268f89-95107-0-9801513492129743-package /Users/williamhockey/tmp/npm-65405/1364450995107-0.9801513492129743/package
49 verbose lock /Users/williamhockey/tmp/npm-65405/1364450995107-0.9801513492129743/package /Users/williamhockey/.npm/20268f89-95107-0-9801513492129743-package.lock
50 silly lockFile 30e8d92c-ckey-npm-plaid-0-0-1-package-tgz /Users/williamhockey/.npm/plaid/0.0.1/package.tgz
51 verbose lock /Users/williamhockey/.npm/plaid/0.0.1/package.tgz /Users/williamhockey/.npm/30e8d92c-ckey-npm-plaid-0-0-1-package-tgz.lock
52 silly lockFile 20268f89-95107-0-9801513492129743-package /Users/williamhockey/tmp/npm-65405/1364450995107-0.9801513492129743/package
53 silly lockFile 20268f89-95107-0-9801513492129743-package /Users/williamhockey/tmp/npm-65405/1364450995107-0.9801513492129743/package
54 silly lockFile 30e8d92c-ckey-npm-plaid-0-0-1-package-tgz /Users/williamhockey/.npm/plaid/0.0.1/package.tgz
55 silly lockFile 30e8d92c-ckey-npm-plaid-0-0-1-package-tgz /Users/williamhockey/.npm/plaid/0.0.1/package.tgz
56 silly lockFile 878b50e1-amhockey-npm-plaid-0-0-1-package /Users/williamhockey/.npm/plaid/0.0.1/package
57 verbose lock /Users/williamhockey/.npm/plaid/0.0.1/package /Users/williamhockey/.npm/878b50e1-amhockey-npm-plaid-0-0-1-package.lock
58 silly lockFile 878b50e1-amhockey-npm-plaid-0-0-1-package /Users/williamhockey/.npm/plaid/0.0.1/package
59 silly lockFile 878b50e1-amhockey-npm-plaid-0-0-1-package /Users/williamhockey/.npm/plaid/0.0.1/package
60 verbose tar unpack /Users/williamhockey/.npm/plaid/0.0.1/package.tgz
61 silly lockFile 878b50e1-amhockey-npm-plaid-0-0-1-package /Users/williamhockey/.npm/plaid/0.0.1/package
62 verbose lock /Users/williamhockey/.npm/plaid/0.0.1/package /Users/williamhockey/.npm/878b50e1-amhockey-npm-plaid-0-0-1-package.lock
63 silly lockFile 30e8d92c-ckey-npm-plaid-0-0-1-package-tgz /Users/williamhockey/.npm/plaid/0.0.1/package.tgz
64 verbose lock /Users/williamhockey/.npm/plaid/0.0.1/package.tgz /Users/williamhockey/.npm/30e8d92c-ckey-npm-plaid-0-0-1-package-tgz.lock
65 silly gunzTarPerm modes [ '755', '644' ]
66 silly gunzTarPerm extractEntry package.json
67 silly gunzTarPerm extractEntry .npmignore
68 silly gunzTarPerm extractEntry README.md
69 silly gunzTarPerm extractEntry LICENSE
70 silly gunzTarPerm extractEntry index.js
71 silly gunzTarPerm extractEntry .travis.yml
72 silly gunzTarPerm extractEntry lib/client.js
73 silly gunzTarPerm extractEntry lib/defaults.js
74 silly gunzTarPerm extractEntry lib/index.js
75 verbose read json /Users/williamhockey/.npm/plaid/0.0.1/package/package.json
76 silly lockFile 878b50e1-amhockey-npm-plaid-0-0-1-package /Users/williamhockey/.npm/plaid/0.0.1/package
77 silly lockFile 878b50e1-amhockey-npm-plaid-0-0-1-package /Users/williamhockey/.npm/plaid/0.0.1/package
78 silly lockFile 30e8d92c-ckey-npm-plaid-0-0-1-package-tgz /Users/williamhockey/.npm/plaid/0.0.1/package.tgz
79 silly lockFile 30e8d92c-ckey-npm-plaid-0-0-1-package-tgz /Users/williamhockey/.npm/plaid/0.0.1/package.tgz
80 silly shasum updated bytes 4160
81 info shasum c5cabb0b3f195b471276353f20dc6e8ed004b4c7
81 info shasum /Users/williamhockey/.npm/plaid/0.0.1/package.tgz
82 verbose from cache /Users/williamhockey/.npm/plaid/0.0.1/package/package.json
83 verbose chmod /Users/williamhockey/.npm/plaid/0.0.1/package.tgz 644
84 verbose chown /Users/williamhockey/.npm/plaid/0.0.1/package.tgz [ 0, 20 ]
85 silly lockFile 3a52ce78- .
86 silly publish { name: 'plaid',
86 silly publish   version: '0.0.1',
86 silly publish   description: 'plaid.io client',
86 silly publish   main: 'index.js',
86 silly publish   author: { name: 'William Hockey', email: 'william@plaid.io' },
86 silly publish   keywords: [ 'plaid', 'transactions', 'plaid.io' ],
86 silly publish   repository:
86 silly publish    { type: 'git',
86 silly publish      url: 'git://github.com/plaidtech/plaid-node.git' },
86 silly publish   bugs: { url: 'http://github.com/plaidtech/plaid-node/issues' },
86 silly publish   licenses:
86 silly publish    [ { type: 'MIT',
86 silly publish        url: 'http://github.com/plaidtech/plaid-node/raw/master/LICENSE' } ],
86 silly publish   readmeFilename: 'README.md',
86 silly publish   readme: 'Plaid.io Client',
86 silly publish   _id: 'plaid@0.0.1',
86 silly publish   _from: '.',
86 silly publish   dependencies:
86 silly publish    { underscore: '~1.4.4',
86 silly publish      request: '~2.16.6',
86 silly publish      async: '~0.2.6',
86 silly publish      forms: '~0.1.4' },
86 silly publish   dist: { shasum: 'c5cabb0b3f195b471276353f20dc6e8ed004b4c7' } }
87 error need auth auth and email required for publishing
87 error need auth You need to authorize this machine using `npm adduser`
88 error System Darwin 12.2.1
89 error command "node" "/usr/local/bin/npm" "publish"
90 error cwd /Users/williamhockey/Development/Plaid/plaid-node
91 error node -v v0.8.19
92 error npm -v 1.2.15
93 error code ENEEDAUTH
94 verbose exit [ 1, true ]
